[26-Nov-2021 18:02:41 UTC] PHP Warning:  array_column() expects parameter 1 to be array, string given in /Users/kokkieh/Local/custom-woo-project/app/public/wp-content/plugins/woocommerce/packages/woocommerce-admin/src/RemoteInboxNotifications/Transformers/ArrayColumn.php on line 27
[26-Nov-2021 18:02:41 UTC] PHP Stack trace:
[26-Nov-2021 18:02:41 UTC] PHP   1. {main}() /Users/kokkieh/Local/custom-woo-project/app/public/index.php:0
[26-Nov-2021 18:02:41 UTC] PHP   2. require() /Users/kokkieh/Local/custom-woo-project/app/public/index.php:17
[26-Nov-2021 18:02:41 UTC] PHP   3. wp() /Users/kokkieh/Local/custom-woo-project/app/public/wp-blog-header.php:16
[26-Nov-2021 18:02:41 UTC] PHP   4. WP->main() /Users/kokkieh/Local/custom-woo-project/app/public/wp-includes/functions.php:1291
[26-Nov-2021 18:02:41 UTC] PHP   5. WP->parse_request() /Users/kokkieh/Local/custom-woo-project/app/public/wp-includes/class-wp.php:750
[26-Nov-2021 18:02:41 UTC] PHP   6. do_action_ref_array() /Users/kokkieh/Local/custom-woo-project/app/public/wp-includes/class-wp.php:388
[26-Nov-2021 18:02:41 UTC] PHP   7. WP_Hook->do_action() /Users/kokkieh/Local/custom-woo-project/app/public/wp-includes/plugin.php:518
[26-Nov-2021 18:02:41 UTC] PHP   8. WP_Hook->apply_filters() /Users/kokkieh/Local/custom-woo-project/app/public/wp-includes/class-wp-hook.php:327
[26-Nov-2021 18:02:41 UTC] PHP   9. rest_api_loaded() /Users/kokkieh/Local/custom-woo-project/app/public/wp-includes/class-wp-hook.php:303
[26-Nov-2021 18:02:41 UTC] PHP  10. WP_REST_Server->serve_request() /Users/kokkieh/Local/custom-woo-project/app/public/wp-includes/rest-api.php:370
[26-Nov-2021 18:02:41 UTC] PHP  11. WP_REST_Server->dispatch() /Users/kokkieh/Local/custom-woo-project/app/public/wp-includes/rest-api/class-wp-rest-server.php:414
[26-Nov-2021 18:02:41 UTC] PHP  12. WP_REST_Server->respond_to_request() /Users/kokkieh/Local/custom-woo-project/app/public/wp-includes/rest-api/class-wp-rest-server.php:987
[26-Nov-2021 18:02:41 UTC] PHP  13. Automattic\WooCommerce\Admin\API\OnboardingFreeExtensions->get_available_extensions() /Users/kokkieh/Local/custom-woo-project/app/public/wp-includes/rest-api/class-wp-rest-server.php:1140
[26-Nov-2021 18:02:41 UTC] PHP  14. Automattic\WooCommerce\Admin\Features\RemoteFreeExtensions\Init::get_extensions() /Users/kokkieh/Local/custom-woo-project/app/public/wp-content/plugins/woocommerce/packages/woocommerce-admin/src/API/OnboardingFreeExtensions.php:75
[26-Nov-2021 18:02:41 UTC] PHP  15. Automattic\WooCommerce\Admin\Features\RemoteFreeExtensions\EvaluateExtension::evaluate() /Users/kokkieh/Local/custom-woo-project/app/public/wp-content/plugins/woocommerce/packages/woocommerce-admin/src/Features/RemoteFreeExtensions/Init.php:48
[26-Nov-2021 18:02:41 UTC] PHP  16. Automattic\WooCommerce\Admin\RemoteInboxNotifications\RuleEvaluator->evaluate() /Users/kokkieh/Local/custom-woo-project/app/public/wp-content/plugins/woocommerce/packages/woocommerce-admin/src/Features/RemoteFreeExtensions/EvaluateExtension.php:27
[26-Nov-2021 18:02:41 UTC] PHP  17. Automattic\WooCommerce\Admin\RemoteInboxNotifications\OptionRuleProcessor->process() /Users/kokkieh/Local/custom-woo-project/app/public/wp-content/plugins/woocommerce/packages/woocommerce-admin/src/RemoteInboxNotifications/RuleEvaluator.php:62
[26-Nov-2021 18:02:41 UTC] PHP  18. Automattic\WooCommerce\Admin\RemoteInboxNotifications\TransformerService::apply() /Users/kokkieh/Local/custom-woo-project/app/public/wp-content/plugins/woocommerce/packages/woocommerce-admin/src/RemoteInboxNotifications/OptionRuleProcessor.php:45
[26-Nov-2021 18:02:41 UTC] PHP  19. Automattic\WooCommerce\Admin\RemoteInboxNotifications\Transformers\ArrayColumn->transform() /Users/kokkieh/Local/custom-woo-project/app/public/wp-content/plugins/woocommerce/packages/woocommerce-admin/src/RemoteInboxNotifications/TransformerService.php:59
[26-Nov-2021 18:02:41 UTC] PHP  20. array_column() /Users/kokkieh/Local/custom-woo-project/app/public/wp-content/plugins/woocommerce/packages/woocommerce-admin/src/RemoteInboxNotifications/Transformers/ArrayColumn.php:27
[26-Nov-2021 18:02:41 UTC] PHP Warning:  count(): Parameter must be an array or an object that implements Countable in /Users/kokkieh/Local/custom-woo-project/app/public/wp-content/plugins/woocommerce/packages/woocommerce-admin/src/RemoteInboxNotifications/Transformers/Count.php on line 24
[26-Nov-2021 18:02:41 UTC] PHP Stack trace:
[26-Nov-2021 18:02:41 UTC] PHP   1. {main}() /Users/kokkieh/Local/custom-woo-project/app/public/index.php:0
[26-Nov-2021 18:02:41 UTC] PHP   2. require() /Users/kokkieh/Local/custom-woo-project/app/public/index.php:17
[26-Nov-2021 18:02:41 UTC] PHP   3. wp() /Users/kokkieh/Local/custom-woo-project/app/public/wp-blog-header.php:16
[26-Nov-2021 18:02:41 UTC] PHP   4. WP->main() /Users/kokkieh/Local/custom-woo-project/app/public/wp-includes/functions.php:1291
[26-Nov-2021 18:02:41 UTC] PHP   5. WP->parse_request() /Users/kokkieh/Local/custom-woo-project/app/public/wp-includes/class-wp.php:750
[26-Nov-2021 18:02:41 UTC] PHP   6. do_action_ref_array() /Users/kokkieh/Local/custom-woo-project/app/public/wp-includes/class-wp.php:388
[26-Nov-2021 18:02:41 UTC] PHP   7. WP_Hook->do_action() /Users/kokkieh/Local/custom-woo-project/app/public/wp-includes/plugin.php:518
[26-Nov-2021 18:02:41 UTC] PHP   8. WP_Hook->apply_filters() /Users/kokkieh/Local/custom-woo-project/app/public/wp-includes/class-wp-hook.php:327
[26-Nov-2021 18:02:41 UTC] PHP   9. rest_api_loaded() /Users/kokkieh/Local/custom-woo-project/app/public/wp-includes/class-wp-hook.php:303
[26-Nov-2021 18:02:41 UTC] PHP  10. WP_REST_Server->serve_request() /Users/kokkieh/Local/custom-woo-project/app/public/wp-includes/rest-api.php:370
[26-Nov-2021 18:02:41 UTC] PHP  11. WP_REST_Server->dispatch() /Users/kokkieh/Local/custom-woo-project/app/public/wp-includes/rest-api/class-wp-rest-server.php:414
[26-Nov-2021 18:02:41 UTC] PHP  12. WP_REST_Server->respond_to_request() /Users/kokkieh/Local/custom-woo-project/app/public/wp-includes/rest-api/class-wp-rest-server.php:987
[26-Nov-2021 18:02:41 UTC] PHP  13. Automattic\WooCommerce\Admin\API\OnboardingFreeExtensions->get_available_extensions() /Users/kokkieh/Local/custom-woo-project/app/public/wp-includes/rest-api/class-wp-rest-server.php:1140
[26-Nov-2021 18:02:41 UTC] PHP  14. Automattic\WooCommerce\Admin\Features\RemoteFreeExtensions\Init::get_extensions() /Users/kokkieh/Local/custom-woo-project/app/public/wp-content/plugins/woocommerce/packages/woocommerce-admin/src/API/OnboardingFreeExtensions.php:75
[26-Nov-2021 18:02:41 UTC] PHP  15. Automattic\WooCommerce\Admin\Features\RemoteFreeExtensions\EvaluateExtension::evaluate() /Users/kokkieh/Local/custom-woo-project/app/public/wp-content/plugins/woocommerce/packages/woocommerce-admin/src/Features/RemoteFreeExtensions/Init.php:48
[26-Nov-2021 18:02:41 UTC] PHP  16. Automattic\WooCommerce\Admin\RemoteInboxNotifications\RuleEvaluator->evaluate() /Users/kokkieh/Local/custom-woo-project/app/public/wp-content/plugins/woocommerce/packages/woocommerce-admin/src/Features/RemoteFreeExtensions/EvaluateExtension.php:27
[26-Nov-2021 18:02:41 UTC] PHP  17. Automattic\WooCommerce\Admin\RemoteInboxNotifications\OrRuleProcessor->process() /Users/kokkieh/Local/custom-woo-project/app/public/wp-content/plugins/woocommerce/packages/woocommerce-admin/src/RemoteInboxNotifications/RuleEvaluator.php:62
[26-Nov-2021 18:02:41 UTC] PHP  18. Automattic\WooCommerce\Admin\RemoteInboxNotifications\RuleEvaluator->evaluate() /Users/kokkieh/Local/custom-woo-project/app/public/wp-content/plugins/woocommerce/packages/woocommerce-admin/src/RemoteInboxNotifications/OrRuleProcessor.php:38
[26-Nov-2021 18:02:41 UTC] PHP  19. Automattic\WooCommerce\Admin\RemoteInboxNotifications\OptionRuleProcessor->process() /Users/kokkieh/Local/custom-woo-project/app/public/wp-content/plugins/woocommerce/packages/woocommerce-admin/src/RemoteInboxNotifications/RuleEvaluator.php:62
[26-Nov-2021 18:02:41 UTC] PHP  20. Automattic\WooCommerce\Admin\RemoteInboxNotifications\TransformerService::apply() /Users/kokkieh/Local/custom-woo-project/app/public/wp-content/plugins/woocommerce/packages/woocommerce-admin/src/RemoteInboxNotifications/OptionRuleProcessor.php:45
[26-Nov-2021 18:02:41 UTC] PHP  21. Automattic\WooCommerce\Admin\RemoteInboxNotifications\Transformers\Count->transform() /Users/kokkieh/Local/custom-woo-project/app/public/wp-content/plugins/woocommerce/packages/woocommerce-admin/src/RemoteInboxNotifications/TransformerService.php:59
[26-Nov-2021 18:02:41 UTC] PHP  22. count() /Users/kokkieh/Local/custom-woo-project/app/public/wp-content/plugins/woocommerce/packages/woocommerce-admin/src/RemoteInboxNotifications/Transformers/Count.php:24
[28-Nov-2021 19:23:25 UTC] PHP Parse error:  syntax error, unexpected '}' in /Users/kokkieh/Local/custom-woo-project/app/public/wp-content/themes/storefront/inc/storefront-template-functions.php on line 165
[28-Nov-2021 19:23:42 UTC] PHP Parse error:  syntax error, unexpected '}' in /Users/kokkieh/Local/custom-woo-project/app/public/wp-content/themes/storefront/inc/storefront-template-functions.php on line 165
[28-Nov-2021 19:24:41 UTC] PHP Parse error:  syntax error, unexpected '}' in /Users/kokkieh/Local/custom-woo-project/app/public/wp-content/themes/storefront/inc/storefront-template-functions.php on line 165
[28-Nov-2021 19:25:13 UTC] PHP Parse error:  syntax error, unexpected '}' in /Users/kokkieh/Local/custom-woo-project/app/public/wp-content/themes/storefront/inc/storefront-template-functions.php on line 165
[28-Nov-2021 19:25:25 UTC] PHP Parse error:  syntax error, unexpected '}' in /Users/kokkieh/Local/custom-woo-project/app/public/wp-content/themes/storefront/inc/storefront-template-functions.php on line 165
[28-Nov-2021 19:27:00 UTC] PHP Parse error:  syntax error, unexpected '}' in /Users/kokkieh/Local/custom-woo-project/app/public/wp-content/themes/storefront/inc/storefront-template-functions.php on line 165
[28-Nov-2021 19:27:25 UTC] PHP Parse error:  syntax error, unexpected '}' in /Users/kokkieh/Local/custom-woo-project/app/public/wp-content/themes/storefront/inc/storefront-template-functions.php on line 165
[28-Nov-2021 19:30:45 UTC] PHP Warning:  require(/Users/kokkieh/Local/custom-woo-project/app/public/wp-content/themes/storefront/inc/storefront-template-functions.php): failed to open stream: No such file or directory in /Users/kokkieh/Local/custom-woo-project/app/public/wp-content/themes/storefront/functions.php on line 33
[28-Nov-2021 19:30:45 UTC] PHP Stack trace:
[28-Nov-2021 19:30:45 UTC] PHP   1. {main}() /Users/kokkieh/Local/custom-woo-project/app/public/index.php:0
[28-Nov-2021 19:30:45 UTC] PHP   2. require() /Users/kokkieh/Local/custom-woo-project/app/public/index.php:17
[28-Nov-2021 19:30:45 UTC] PHP   3. require_once() /Users/kokkieh/Local/custom-woo-project/app/public/wp-blog-header.php:13
[28-Nov-2021 19:30:45 UTC] PHP   4. require_once() /Users/kokkieh/Local/custom-woo-project/app/public/wp-load.php:50
[28-Nov-2021 19:30:45 UTC] PHP   5. require_once() /Users/kokkieh/Local/custom-woo-project/app/public/wp-config.php:77
[28-Nov-2021 19:30:45 UTC] PHP   6. include() /Users/kokkieh/Local/custom-woo-project/app/public/wp-settings.php:546
[28-Nov-2021 19:30:45 UTC] PHP Fatal error:  require(): Failed opening required 'inc/storefront-template-functions.php' (include_path='.:/usr/share/php:/www/wp-content/pear') in /Users/kokkieh/Local/custom-woo-project/app/public/wp-content/themes/storefront/functions.php on line 33
[28-Nov-2021 19:30:45 UTC] PHP Stack trace:
[28-Nov-2021 19:30:45 UTC] PHP   1. {main}() /Users/kokkieh/Local/custom-woo-project/app/public/index.php:0
[28-Nov-2021 19:30:45 UTC] PHP   2. require() /Users/kokkieh/Local/custom-woo-project/app/public/index.php:17
[28-Nov-2021 19:30:45 UTC] PHP   3. require_once() /Users/kokkieh/Local/custom-woo-project/app/public/wp-blog-header.php:13
[28-Nov-2021 19:30:45 UTC] PHP   4. require_once() /Users/kokkieh/Local/custom-woo-project/app/public/wp-load.php:50
[28-Nov-2021 19:30:45 UTC] PHP   5. require_once() /Users/kokkieh/Local/custom-woo-project/app/public/wp-config.php:77
[28-Nov-2021 19:30:45 UTC] PHP   6. include() /Users/kokkieh/Local/custom-woo-project/app/public/wp-settings.php:546
